[2015-01-27 20:07:52] START
[2015-02-20 14:32:47] EDIT SleepLog/models/journal.py: 0
[2015-02-20 15:16:10] EDIT SleepLog/controllers/default.py: 15
[2015-02-20 15:16:41] EDIT SleepLog/controllers/default.py: 0
[2015-02-20 15:16:59] EDIT SleepLog/controllers/default.py: 0
[2015-02-20 15:17:11] EDIT SleepLog/controllers/default.py: 0
[2015-02-20 15:32:39] EDIT SleepLog/views/default/index.html: 1
[2015-02-20 15:33:19] EDIT SleepLog/views/default/index.html: 0
[2015-02-20 15:33:50] EDIT SleepLog/views/default/index.html: 1
[2015-02-20 15:33:55] EDIT SleepLog/views/default/index.html: -1
[2015-02-20 15:34:11] EDIT SleepLog/views/default/index.html: 0
[2015-03-02 10:55:37] EDIT SleepLog/views/default/about.html: 7
[2015-03-02 10:56:38] EDIT SleepLog/views/default/about.html: 1
[2015-03-02 10:59:08] EDIT SleepLog/views/default/about.html: 1
[2015-03-02 11:00:14] EDIT SleepLog/views/default/about.html: 0
[2015-03-02 11:00:25] EDIT SleepLog/views/default/about.html: 0
[2015-03-02 11:10:25] EDIT SleepLog/views/default/about.html: 5
[2015-03-02 11:15:14] EDIT SleepLog/views/default/about.html: 8
[2015-03-02 11:15:46] EDIT SleepLog/views/default/about.html: 1
[2015-03-02 11:15:58] EDIT SleepLog/views/default/about.html: 0
[2015-03-02 11:16:11] EDIT SleepLog/views/default/about.html: 0
[2015-03-02 11:16:52] EDIT SleepLog/views/default/about.html: 2
[2015-03-02 11:17:26] EDIT SleepLog/views/default/about.html: 1
