timestamp: 2015-03-15T16:34:51.068584
CREATE TABLE auth_user(
    id INTEGER PRIMARY KEY AUTOINCREMENT,
    email CHAR(128) UNIQUE,
    first_name CHAR(128),
    last_name CHAR(128),
    username CHAR(50),
    password CHAR(512),
    address CHAR(512),
    city CHAR(512),
    zip CHAR(512),
    phone CHAR(512),
    registration_key CHAR(512),
    reset_password_key CHAR(512),
    registration_id CHAR(512)
);
success!
timestamp: 2015-03-15T16:34:51.160096
CREATE TABLE auth_group(
    id INTEGER PRIMARY KEY AUTOINCREMENT,
    role CHAR(512),
    description TEXT
);
success!
timestamp: 2015-03-15T16:34:51.276601
CREATE TABLE auth_membership(
    id INTEGER PRIMARY KEY AUTOINCREMENT,
    user_id INTEGER REFERENCES auth_user (id) ON DELETE CASCADE,
    group_id INTEGER REFERENCES auth_group (id) ON DELETE CASCADE
);
success!
timestamp: 2015-03-15T16:34:51.401451
CREATE TABLE auth_permission(
    id INTEGER PRIMARY KEY AUTOINCREMENT,
    group_id INTEGER REFERENCES auth_group (id) ON DELETE CASCADE,
    name CHAR(512),
    table_name CHAR(512),
    record_id INTEGER
);
success!
timestamp: 2015-03-15T16:34:51.483028
CREATE TABLE auth_event(
    id INTEGER PRIMARY KEY AUTOINCREMENT,
    time_stamp TIMESTAMP,
    client_ip CHAR(512),
    user_id INTEGER REFERENCES auth_user (id) ON DELETE CASCADE,
    origin CHAR(512),
    description TEXT
);
success!
timestamp: 2015-03-15T16:34:51.586065
CREATE TABLE auth_cas(
    id INTEGER PRIMARY KEY AUTOINCREMENT,
    user_id INTEGER REFERENCES auth_user (id) ON DELETE CASCADE,
    created_on TIMESTAMP,
    service CHAR(512),
    ticket CHAR(512),
    renew CHAR(1)
);
success!
timestamp: 2015-03-15T16:34:51.695199
CREATE TABLE entry(
    id INTEGER PRIMARY KEY AUTOINCREMENT,
    date_posted TIMESTAMP,
    title CHAR(512),
    body TEXT,
    private CHAR(1),
    category CHAR(512),
    user_id INTEGER REFERENCES auth_user (id) ON DELETE CASCADE,
    picture CHAR(512),
    tags TEXT
);
success!
timestamp: 2015-03-15T16:34:51.776234
CREATE TABLE tag(
    id INTEGER PRIMARY KEY AUTOINCREMENT,
    name CHAR(512)
);
success!
timestamp: 2015-03-15T17:15:35.772366
CREATE TABLE comments(
    id INTEGER PRIMARY KEY AUTOINCREMENT,
    commentpost TEXT
);
success!
timestamp: 2015-03-15T20:35:23.981257
CREATE TABLE comment_post(
    id INTEGER PRIMARY KEY AUTOINCREMENT,
    body TEXT,
    is_active CHAR(1),
    created_on TIMESTAMP,
    created_by INTEGER REFERENCES auth_user (id) ON DELETE CASCADE,
    modified_on TIMESTAMP,
    modified_by INTEGER REFERENCES auth_user (id) ON DELETE CASCADE
);
success!
